<?xml version="1.0" encoding="UTF-8"?>
<!-- Generated by org.testng.reporters.JUnitXMLReporter -->
<testsuite ignored="0" hostname="DESKTOP-Q6T9RQG" failures="0" tests="3" name="Test" time="0.832" errors="0" timestamp="2024-11-25T17:16:06 IST">
  <testcase classname="com.jenkinsss.jen.testclass1" name="@BeforeMethod launchdriver" time="0.667">
    <failure type="org.openqa.selenium.SessionNotCreatedException" message="Could not start a new session. Possible causes are invalid address of the remote server or browser start-up failure. 
Host info: host: &amp;apos;DESKTOP-Q6T9RQG&amp;apos;, ip: &amp;apos;192.168.10.152&amp;apos;
Build info: version: &amp;apos;4.25.0&amp;apos;, revision: &amp;apos;8a8aea2337&amp;apos;
System info: os.name: &amp;apos;Windows 10&amp;apos;, os.arch: &amp;apos;amd64&amp;apos;, os.version: &amp;apos;10.0&amp;apos;, java.version: &amp;apos;21.0.5&amp;apos;
Driver info: org.openqa.selenium.chrome.ChromeDriver
Command: [null, newSession {capabilities=[Capabilities {browserName: chrome, goog:chromeOptions: {args: [], extensions: []}}]}]">
      <![CDATA[org.openqa.selenium.SessionNotCreatedException: Could not start a new session. Possible causes are invalid address of the remote server or browser start-up failure. 
Host info: host: 'DESKTOP-Q6T9RQG', ip: '192.168.10.152'
Build info: version: '4.25.0', revision: '8a8aea2337'
System info: os.name: 'Windows 10', os.arch: 'amd64', os.version: '10.0', java.version: '21.0.5'
Driver info: org.openqa.selenium.chrome.ChromeDriver
Command: [null, newSession {capabilities=[Capabilities {browserName: chrome, goog:chromeOptions: {args: [], extensions: []}}]}]
at org.openqa.selenium.remote.RemoteWebDriver.execute(RemoteWebDriver.java:563)
at org.openqa.selenium.remote.RemoteWebDriver.startSession(RemoteWebDriver.java:245)
at org.openqa.selenium.remote.RemoteWebDriver.<init>(RemoteWebDriver.java:174)
at org.openqa.selenium.chromium.ChromiumDriver.<init>(ChromiumDriver.java:114)
at org.openqa.selenium.chrome.ChromeDriver.<init>(ChromeDriver.java:88)
at org.openqa.selenium.chrome.ChromeDriver.<init>(ChromeDriver.java:83)
at org.openqa.selenium.chrome.ChromeDriver.<init>(ChromeDriver.java:51)
at com.jenkinsss.jen.testclass1.launchdriver(testclass1.java:19)
at java.base/java.util.ArrayList.forEach(ArrayList.java:1596)
Caused by: java.io.UncheckedIOException: java.io.IOException: Cannot run program "C:\Users\GCV\Downloads\chromedriver-win64": CreateProcess error=5, Access is denied
at org.openqa.selenium.os.ExternalProcess$Builder.start(ExternalProcess.java:194)
at org.openqa.selenium.remote.service.DriverService.start(DriverService.java:207)
at org.openqa.selenium.remote.service.DriverCommandExecutor.execute(DriverCommandExecutor.java:117)
at org.openqa.selenium.remote.RemoteWebDriver.execute(RemoteWebDriver.java:545)
... 37 more
Caused by: java.io.IOException: Cannot run program "C:\Users\GCV\Downloads\chromedriver-win64": CreateProcess error=5, Access is denied
at java.base/java.lang.ProcessBuilder.start(ProcessBuilder.java:1170)
at java.base/java.lang.ProcessBuilder.start(ProcessBuilder.java:1089)
at org.openqa.selenium.os.ExternalProcess$Builder.start(ExternalProcess.java:192)
... 40 more
Caused by: java.io.IOException: CreateProcess error=5, Access is denied
at java.base/java.lang.ProcessImpl.create(Native Method)
at java.base/java.lang.ProcessImpl.<init>(ProcessImpl.java:500)
at java.base/java.lang.ProcessImpl.start(ProcessImpl.java:159)
at java.base/java.lang.ProcessBuilder.start(ProcessBuilder.java:1126)
... 42 more
... Removed 29 stack frames]]>
    </failure>
  </testcase> <!-- @BeforeMethod launchdriver -->
  <testcase classname="com.jenkinsss.jen.testclass1" name="@AfterMethod quit" time="0.0">
    <skipped/>
  </testcase> <!-- @AfterMethod quit -->
  <testcase classname="com.jenkinsss.jen.testclass1" name="@BeforeMethod launchdriver" time="0.0">
    <skipped/>
  </testcase> <!-- @BeforeMethod launchdriver -->
  <testcase classname="com.jenkinsss.jen.testclass1" name="@AfterMethod quit" time="0.0">
    <skipped/>
  </testcase> <!-- @AfterMethod quit -->
  <testcase classname="com.jenkinsss.jen.testclass1" name="@BeforeMethod launchdriver" time="0.0">
    <skipped/>
  </testcase> <!-- @BeforeMethod launchdriver -->
  <testcase classname="com.jenkinsss.jen.testclass1" name="@AfterMethod quit" time="0.0">
    <skipped/>
  </testcase> <!-- @AfterMethod quit -->
  <testcase classname="com.jenkinsss.jen.testclass1" name="Test1" time="0.0">
    <skipped/>
  </testcase> <!-- Test1 -->
  <testcase classname="com.jenkinsss.jen.testclass1" name="Test2" time="0.001">
    <skipped/>
  </testcase> <!-- Test2 -->
  <testcase classname="com.jenkinsss.jen.testclass1" name="Test3" time="0.0">
    <skipped/>
  </testcase> <!-- Test3 -->
</testsuite> <!-- Test -->
